<?xml version="1.0" encoding="UTF-8"?>
<testsuite name="AnnalynsInfiltrationTest" tests="1" skipped="0" failures="0" errors="0" timestamp="2025-02-20T11:51:00" hostname="pop-os" time="0.103">
  <properties/>
  <testcase name="The canFastAttack method returns true when knight is sleeping" classname="AnnalynsInfiltrationTest" time="0.103"/>
  <system-out><![CDATA[]]></system-out>
  <system-err><![CDATA[]]></system-err>
</testsuite>
