<?xml version="1.0" encoding="UTF-8"?>
<testsuite name="LasagnaTest" tests="1" skipped="0" failures="0" errors="0" timestamp="2025-02-19T07:49:48" hostname="pop-os" time="0.057">
  <properties/>
  <testcase name="The remainingMinutesInOven method calculates and returns the correct value" classname="LasagnaTest" time="0.057"/>
  <system-out><![CDATA[]]></system-out>
  <system-err><![CDATA[]]></system-err>
</testsuite>
