<?xml version="1.0" encoding="UTF-8"?>
<testsuite name="SqueakyCleanTest" tests="1" skipped="0" failures="0" errors="0" timestamp="2025-02-26T10:06:59" hostname="pop-os" time="0.056">
  <properties/>
  <testcase name="The clean method returns a string in camel case and replaces leading and trailing whitespaces" classname="SqueakyCleanTest" time="0.056"/>
  <system-out><![CDATA[]]></system-out>
  <system-err><![CDATA[]]></system-err>
</testsuite>
