<?xml version="1.0" encoding="UTF-8"?>
<testsuite name="MicroBlogTest" tests="12" skipped="0" failures="12" errors="0" timestamp="2025-04-04T13:32:30" hostname="pop-os" time="0.033">
  <properties/>
  <testcase name="germanLanguageShort_broth()" classname="MicroBlogTest" time="0.019">
    <failure message="java.lang.UnsupportedOperationException: Delete this statement and write your own implementation." type="java.lang.UnsupportedOperationException">java.lang.UnsupportedOperationException: Delete this statement and write your own implementation.
	at MicroBlog.truncate(MicroBlog.java:3)
	at MicroBlogTest.germanLanguageShort_broth(MicroBlogTest.java:27)
	at java.base/java.lang.reflect.Method.invoke(Method.java:580)
	at java.base/java.util.ArrayList.forEach(ArrayList.java:1596)
	at java.base/java.util.ArrayList.forEach(ArrayList.java:1596)
</failure>
  </testcase>
  <testcase name="bulgarianLanguageShort_good()" classname="MicroBlogTest" time="0.001">
    <failure message="java.lang.UnsupportedOperationException: Delete this statement and write your own implementation." type="java.lang.UnsupportedOperationException">java.lang.UnsupportedOperationException: Delete this statement and write your own implementation.
	at MicroBlog.truncate(MicroBlog.java:3)
	at MicroBlogTest.bulgarianLanguageShort_good(MicroBlogTest.java:41)
	at java.base/java.lang.reflect.Method.invoke(Method.java:580)
	at java.base/java.util.ArrayList.forEach(ArrayList.java:1596)
	at java.base/java.util.ArrayList.forEach(ArrayList.java:1596)
</failure>
  </testcase>
  <testcase name="mathsShort()" classname="MicroBlogTest" time="0.001">
    <failure message="java.lang.UnsupportedOperationException: Delete this statement and write your own implementation." type="java.lang.UnsupportedOperationException">java.lang.UnsupportedOperationException: Delete this statement and write your own implementation.
	at MicroBlog.truncate(MicroBlog.java:3)
	at MicroBlogTest.mathsShort(MicroBlogTest.java:55)
	at java.base/java.lang.reflect.Method.invoke(Method.java:580)
	at java.base/java.util.ArrayList.forEach(ArrayList.java:1596)
	at java.base/java.util.ArrayList.forEach(ArrayList.java:1596)
</failure>
  </testcase>
  <testcase name="englishLanguageShort()" classname="MicroBlogTest" time="0.001">
    <failure message="java.lang.UnsupportedOperationException: Delete this statement and write your own implementation." type="java.lang.UnsupportedOperationException">java.lang.UnsupportedOperationException: Delete this statement and write your own implementation.
	at MicroBlog.truncate(MicroBlog.java:3)
	at MicroBlogTest.englishLanguageShort(MicroBlogTest.java:13)
	at java.base/java.lang.reflect.Method.invoke(Method.java:580)
	at java.base/java.util.ArrayList.forEach(ArrayList.java:1596)
	at java.base/java.util.ArrayList.forEach(ArrayList.java:1596)
</failure>
  </testcase>
  <testcase name="royalFlush()" classname="MicroBlogTest" time="0.001">
    <failure message="java.lang.UnsupportedOperationException: Delete this statement and write your own implementation." type="java.lang.UnsupportedOperationException">java.lang.UnsupportedOperationException: Delete this statement and write your own implementation.
	at MicroBlog.truncate(MicroBlog.java:3)
	at MicroBlogTest.royalFlush(MicroBlogTest.java:90)
	at java.base/java.lang.reflect.Method.invoke(Method.java:580)
	at java.base/java.util.ArrayList.forEach(ArrayList.java:1596)
	at java.base/java.util.ArrayList.forEach(ArrayList.java:1596)
</failure>
  </testcase>
  <testcase name="englishLanguageLong()" classname="MicroBlogTest" time="0.001">
    <failure message="java.lang.UnsupportedOperationException: Delete this statement and write your own implementation." type="java.lang.UnsupportedOperationException">java.lang.UnsupportedOperationException: Delete this statement and write your own implementation.
	at MicroBlog.truncate(MicroBlog.java:3)
	at MicroBlogTest.englishLanguageLong(MicroBlogTest.java:20)
	at java.base/java.lang.reflect.Method.invoke(Method.java:580)
	at java.base/java.util.ArrayList.forEach(ArrayList.java:1596)
	at java.base/java.util.ArrayList.forEach(ArrayList.java:1596)
</failure>
  </testcase>
  <testcase name="germanLanguageLong_bearCarpet_to_beards()" classname="MicroBlogTest" time="0.001">
    <failure message="java.lang.UnsupportedOperationException: Delete this statement and write your own implementation." type="java.lang.UnsupportedOperationException">java.lang.UnsupportedOperationException: Delete this statement and write your own implementation.
	at MicroBlog.truncate(MicroBlog.java:3)
	at MicroBlogTest.germanLanguageLong_bearCarpet_to_beards(MicroBlogTest.java:34)
	at java.base/java.lang.reflect.Method.invoke(Method.java:580)
	at java.base/java.util.ArrayList.forEach(ArrayList.java:1596)
	at java.base/java.util.ArrayList.forEach(ArrayList.java:1596)
</failure>
  </testcase>
  <testcase name="greekLanguageShort_health()" classname="MicroBlogTest" time="0.001">
    <failure message="java.lang.UnsupportedOperationException: Delete this statement and write your own implementation." type="java.lang.UnsupportedOperationException">java.lang.UnsupportedOperationException: Delete this statement and write your own implementation.
	at MicroBlog.truncate(MicroBlog.java:3)
	at MicroBlogTest.greekLanguageShort_health(MicroBlogTest.java:48)
	at java.base/java.lang.reflect.Method.invoke(Method.java:580)
	at java.base/java.util.ArrayList.forEach(ArrayList.java:1596)
	at java.base/java.util.ArrayList.forEach(ArrayList.java:1596)
</failure>
  </testcase>
  <testcase name="emojiShort()" classname="MicroBlogTest" time="0.0">
    <failure message="java.lang.UnsupportedOperationException: Delete this statement and write your own implementation." type="java.lang.UnsupportedOperationException">java.lang.UnsupportedOperationException: Delete this statement and write your own implementation.
	at MicroBlog.truncate(MicroBlog.java:3)
	at MicroBlogTest.emojiShort(MicroBlogTest.java:76)
	at java.base/java.lang.reflect.Method.invoke(Method.java:580)
	at java.base/java.util.ArrayList.forEach(ArrayList.java:1596)
	at java.base/java.util.ArrayList.forEach(ArrayList.java:1596)
</failure>
  </testcase>
  <testcase name="mathsLong()" classname="MicroBlogTest" time="0.0">
    <failure message="java.lang.UnsupportedOperationException: Delete this statement and write your own implementation." type="java.lang.UnsupportedOperationException">java.lang.UnsupportedOperationException: Delete this statement and write your own implementation.
	at MicroBlog.truncate(MicroBlog.java:3)
	at MicroBlogTest.mathsLong(MicroBlogTest.java:62)
	at java.base/java.lang.reflect.Method.invoke(Method.java:580)
	at java.base/java.util.ArrayList.forEach(ArrayList.java:1596)
	at java.base/java.util.ArrayList.forEach(ArrayList.java:1596)
</failure>
  </testcase>
  <testcase name="englishAndEmojiShort()" classname="MicroBlogTest" time="0.0">
    <failure message="java.lang.UnsupportedOperationException: Delete this statement and write your own implementation." type="java.lang.UnsupportedOperationException">java.lang.UnsupportedOperationException: Delete this statement and write your own implementation.
	at MicroBlog.truncate(MicroBlog.java:3)
	at MicroBlogTest.englishAndEmojiShort(MicroBlogTest.java:69)
	at java.base/java.lang.reflect.Method.invoke(Method.java:580)
	at java.base/java.util.ArrayList.forEach(ArrayList.java:1596)
	at java.base/java.util.ArrayList.forEach(ArrayList.java:1596)
</failure>
  </testcase>
  <testcase name="emojiLong()" classname="MicroBlogTest" time="0.001">
    <failure message="java.lang.UnsupportedOperationException: Delete this statement and write your own implementation." type="java.lang.UnsupportedOperationException">java.lang.UnsupportedOperationException: Delete this statement and write your own implementation.
	at MicroBlog.truncate(MicroBlog.java:3)
	at MicroBlogTest.emojiLong(MicroBlogTest.java:83)
	at java.base/java.lang.reflect.Method.invoke(Method.java:580)
	at java.base/java.util.ArrayList.forEach(ArrayList.java:1596)
	at java.base/java.util.ArrayList.forEach(ArrayList.java:1596)
</failure>
  </testcase>
  <system-out><![CDATA[]]></system-out>
  <system-err><![CDATA[]]></system-err>
</testsuite>
