<?xml version="1.0" encoding="UTF-8"?>
<testsuite name="MicroBlogTest" tests="12" skipped="11" failures="1" errors="0" timestamp="2025-03-31T11:43:58" hostname="pop-os" time="0.039">
  <properties/>
  <testcase name="germanLanguageShort_broth()" classname="MicroBlogTest" time="0.001">
    <skipped/>
  </testcase>
  <testcase name="bulgarianLanguageShort_good()" classname="MicroBlogTest" time="0.0">
    <skipped/>
  </testcase>
  <testcase name="mathsShort()" classname="MicroBlogTest" time="0.0">
    <skipped/>
  </testcase>
  <testcase name="englishLanguageShort()" classname="MicroBlogTest" time="0.025">
    <failure message="java.lang.UnsupportedOperationException: Delete this statement and write your own implementation." type="java.lang.UnsupportedOperationException">java.lang.UnsupportedOperationException: Delete this statement and write your own implementation.
	at MicroBlog.truncate(MicroBlog.java:3)
	at MicroBlogTest.englishLanguageShort(MicroBlogTest.java:13)
	at java.base/java.lang.reflect.Method.invoke(Method.java:580)
	at java.base/java.util.ArrayList.forEach(ArrayList.java:1596)
	at java.base/java.util.ArrayList.forEach(ArrayList.java:1596)
</failure>
  </testcase>
  <testcase name="royalFlush()" classname="MicroBlogTest" time="0.0">
    <skipped/>
  </testcase>
  <testcase name="englishLanguageLong()" classname="MicroBlogTest" time="0.0">
    <skipped/>
  </testcase>
  <testcase name="germanLanguageLong_bearCarpet_to_beards()" classname="MicroBlogTest" time="0.0">
    <skipped/>
  </testcase>
  <testcase name="greekLanguageShort_health()" classname="MicroBlogTest" time="0.0">
    <skipped/>
  </testcase>
  <testcase name="emojiShort()" classname="MicroBlogTest" time="0.0">
    <skipped/>
  </testcase>
  <testcase name="mathsLong()" classname="MicroBlogTest" time="0.0">
    <skipped/>
  </testcase>
  <testcase name="englishAndEmojiShort()" classname="MicroBlogTest" time="0.0">
    <skipped/>
  </testcase>
  <testcase name="emojiLong()" classname="MicroBlogTest" time="0.0">
    <skipped/>
  </testcase>
  <system-out><![CDATA[]]></system-out>
  <system-err><![CDATA[]]></system-err>
</testsuite>
